2020-07-02 09:53:21.185  INFO Dezs-MacBook-Air.local
			--- [ment.App.main()] c.p.i.App                                : Starting App on Dezs-MacBook-Air.local with PID 9168 (/Users/Dtown/eclipse-workspace/inventoryManagement/target/classes started by Dtown in /Users/Dtown/eclipse-workspace/inventoryManagement)
2020-07-02 09:53:21.297  INFO Dezs-MacBook-Air.local
			--- [ment.App.main()] ationConfigEmbeddedWebApplicationContext : Refreshing org.springframework.boot.context.embedded.AnnotationConfigEmbeddedWebApplicationContext@162ec3a5: startup date [Thu Jul 02 09:53:21 MST 2020]; root of context hierarchy
2020-07-02 09:53:22.633  INFO Dezs-MacBook-Air.local
			--- [ment.App.main()] o.s.b.f.s.DefaultListableBeanFactory     : Overriding bean definition for bean 'beanNameViewResolver': replacing [Root bean: class [null]; scope=; abstract=false; lazyInit=false; autowireMode=3; dependencyCheck=0; autowireCandidate=true; primary=false; factoryBeanName=org.springframework.boot.autoconfigure.web.ErrorMvcAutoConfiguration$WhitelabelErrorViewConfiguration; factoryMethodName=beanNameViewResolver; initMethodName=null; destroyMethodName=(inferred); defined in class path resource [org/springframework/boot/autoconfigure/web/ErrorMvcAutoConfiguration$WhitelabelErrorViewConfiguration.class]] with [Root bean: class [null]; scope=; abstract=false; lazyInit=false; autowireMode=3; dependencyCheck=0; autowireCandidate=true; primary=false; factoryBeanName=org.springframework.boot.autoconfigure.web.WebMvcAutoConfiguration$WebMvcAutoConfigurationAdapter; factoryMethodName=beanNameViewResolver; initMethodName=null; destroyMethodName=(inferred); defined in class path resource [org/springframework/boot/autoconfigure/web/WebMvcAutoConfiguration$WebMvcAutoConfigurationAdapter.class]]
2020-07-02 09:53:23.650  INFO Dezs-MacBook-Air.local
			--- [ment.App.main()] o.h.v.i.u.Version                        : HV000001: Hibernate Validator 5.1.3.Final
2020-07-02 09:53:24.059  INFO Dezs-MacBook-Air.local
			--- [ment.App.main()] trationDelegate$BeanPostProcessorChecker : Bean 'org.springframework.transaction.annotation.ProxyTransactionManagementConfiguration' of type [class org.springframework.transaction.annotation.ProxyTransactionManagementConfiguration$$EnhancerBySpringCGLIB$$2090c4b0] is not eligible for getting processed by all BeanPostProcessors (for example: not eligible for auto-proxying)
2020-07-02 09:53:24.121  INFO Dezs-MacBook-Air.local
			--- [ment.App.main()] trationDelegate$BeanPostProcessorChecker : Bean 'transactionAttributeSource' of type [class org.springframework.transaction.annotation.AnnotationTransactionAttributeSource] is not eligible for getting processed by all BeanPostProcessors (for example: not eligible for auto-proxying)
2020-07-02 09:53:24.136  INFO Dezs-MacBook-Air.local
			--- [ment.App.main()] trationDelegate$BeanPostProcessorChecker : Bean 'transactionInterceptor' of type [class org.springframework.transaction.interceptor.TransactionInterceptor] is not eligible for getting processed by all BeanPostProcessors (for example: not eligible for auto-proxying)
2020-07-02 09:53:24.143  INFO Dezs-MacBook-Air.local
			--- [ment.App.main()] trationDelegate$BeanPostProcessorChecker : Bean 'org.springframework.transaction.config.internalTransactionAdvisor' of type [class org.springframework.transaction.interceptor.BeanFactoryTransactionAttributeSourceAdvisor] is not eligible for getting processed by all BeanPostProcessors (for example: not eligible for auto-proxying)
2020-07-02 09:53:24.934  INFO Dezs-MacBook-Air.local
			--- [ment.App.main()] s.b.c.e.t.TomcatEmbeddedServletContainer : Tomcat initialized with port(s): 8080 (http)
2020-07-02 09:53:25.186  INFO Dezs-MacBook-Air.local
			--- [ment.App.main()] o.a.c.c.StandardService                  : Starting service Tomcat
2020-07-02 09:53:25.190  INFO Dezs-MacBook-Air.local
			--- [ment.App.main()] o.a.c.c.StandardEngine                   : Starting Servlet Engine: Apache Tomcat/8.0.26
2020-07-02 09:53:25.528  INFO Dezs-MacBook-Air.local
			--- [ost-startStop-1] o.a.c.c.C.[.[.[/]                        : Initializing Spring embedded WebApplicationContext
2020-07-02 09:53:25.530  INFO Dezs-MacBook-Air.local
			--- [ost-startStop-1] o.s.w.c.ContextLoader                    : Root WebApplicationContext: initialization completed in 4236 ms
2020-07-02 09:53:27.107  INFO Dezs-MacBook-Air.local
			--- [ost-startStop-1] o.s.b.c.e.ServletRegistrationBean        : Mapping servlet: 'dispatcherServlet' to [/]
2020-07-02 09:53:27.119  INFO Dezs-MacBook-Air.local
			--- [ost-startStop-1] o.s.b.c.e.FilterRegistrationBean         : Mapping filter: 'characterEncodingFilter' to: [/*]
2020-07-02 09:53:27.119  INFO Dezs-MacBook-Air.local
			--- [ost-startStop-1] o.s.b.c.e.FilterRegistrationBean         : Mapping filter: 'hiddenHttpMethodFilter' to: [/*]
2020-07-02 09:53:27.640  INFO Dezs-MacBook-Air.local
			--- [ment.App.main()] j.LocalContainerEntityManagerFactoryBean : Building JPA container EntityManagerFactory for persistence unit 'default'
2020-07-02 09:53:27.690  INFO Dezs-MacBook-Air.local
			--- [ment.App.main()] o.h.j.i.u.LogHelper                      : HHH000204: Processing PersistenceUnitInfo [
	name: default
	...]
2020-07-02 09:53:28.059  INFO Dezs-MacBook-Air.local
			--- [ment.App.main()] o.h.Version                              : HHH000412: Hibernate Core {4.3.11.Final}
2020-07-02 09:53:28.065  INFO Dezs-MacBook-Air.local
			--- [ment.App.main()] o.h.c.Environment                        : HHH000206: hibernate.properties not found
2020-07-02 09:53:28.074  INFO Dezs-MacBook-Air.local
			--- [ment.App.main()] o.h.c.Environment                        : HHH000021: Bytecode provider name : javassist
2020-07-02 09:53:28.623  INFO Dezs-MacBook-Air.local
			--- [ment.App.main()] o.h.a.c.Version                          : HCANN000001: Hibernate Commons Annotations {4.0.5.Final}
2020-07-02 09:53:31.341  INFO Dezs-MacBook-Air.local
			--- [ment.App.main()] o.h.d.Dialect                            : HHH000400: Using dialect: org.hibernate.dialect.MySQL5Dialect
2020-07-02 09:53:32.030  INFO Dezs-MacBook-Air.local
			--- [ment.App.main()] o.h.h.i.a.ASTQueryTranslatorFactory      : HHH000397: Using ASTQueryTranslatorFactory
2020-07-02 09:53:33.181  INFO Dezs-MacBook-Air.local
			--- [ment.App.main()] o.h.t.h.SchemaExport                     : HHH000227: Running hbm2ddl schema export
2020-07-02 09:53:33.229 ERROR Dezs-MacBook-Air.local
			--- [ment.App.main()] o.h.t.h.SchemaExport                     : HHH000389: Unsuccessful: alter table `order` drop foreign key FK_m6q2ofkj1g5aobtb2p00ajpqg
2020-07-02 09:53:33.229 ERROR Dezs-MacBook-Air.local
			--- [ment.App.main()] o.h.t.h.SchemaExport                     : Table 'inventory_api.order' doesn't exist
2020-07-02 09:53:33.232 ERROR Dezs-MacBook-Air.local
			--- [ment.App.main()] o.h.t.h.SchemaExport                     : HHH000389: Unsuccessful: alter table `product_order` drop foreign key FK_5uw5nxqovigv7mf1gmbos1rl8
2020-07-02 09:53:33.232 ERROR Dezs-MacBook-Air.local
			--- [ment.App.main()] o.h.t.h.SchemaExport                     : Table 'inventory_api.product_order' doesn't exist
2020-07-02 09:53:33.234 ERROR Dezs-MacBook-Air.local
			--- [ment.App.main()] o.h.t.h.SchemaExport                     : HHH000389: Unsuccessful: alter table `product_order` drop foreign key FK_sf5yp37b7qt63qqoq25f82lpu
2020-07-02 09:53:33.235 ERROR Dezs-MacBook-Air.local
			--- [ment.App.main()] o.h.t.h.SchemaExport                     : Table 'inventory_api.product_order' doesn't exist
2020-07-02 09:53:34.055  INFO Dezs-MacBook-Air.local
			--- [ment.App.main()] o.h.t.h.SchemaExport                     : HHH000230: Schema export complete
2020-07-02 09:53:34.994  INFO Dezs-MacBook-Air.local
			--- [ment.App.main()] s.w.s.m.m.a.RequestMappingHandlerAdapter : Looking for @ControllerAdvice: org.springframework.boot.context.embedded.AnnotationConfigEmbeddedWebApplicationContext@162ec3a5: startup date [Thu Jul 02 09:53:21 MST 2020]; root of context hierarchy
2020-07-02 09:53:35.169  INFO Dezs-MacBook-Air.local
			--- [ment.App.main()] s.w.s.m.m.a.RequestMappingHandlerMapping : Mapped "{[/error]}" onto public org.springframework.http.ResponseEntity<java.util.Map<java.lang.String, java.lang.Object>> org.springframework.boot.autoconfigure.web.BasicErrorController.error(javax.servlet.http.HttpServletRequest)
2020-07-02 09:53:35.170  INFO Dezs-MacBook-Air.local
			--- [ment.App.main()] s.w.s.m.m.a.RequestMappingHandlerMapping : Mapped "{[/error],produces=[text/html]}" onto public org.springframework.web.servlet.ModelAndView org.springframework.boot.autoconfigure.web.BasicErrorController.errorHtml(javax.servlet.http.HttpServletRequest)
2020-07-02 09:53:35.202  INFO Dezs-MacBook-Air.local
			--- [ment.App.main()] o.s.w.s.h.SimpleUrlHandlerMapping        : Mapped URL path [/webjars/**] onto handler of type [class org.springframework.web.servlet.resource.ResourceHttpRequestHandler]
2020-07-02 09:53:35.202  INFO Dezs-MacBook-Air.local
			--- [ment.App.main()] o.s.w.s.h.SimpleUrlHandlerMapping        : Mapped URL path [/**] onto handler of type [class org.springframework.web.servlet.resource.ResourceHttpRequestHandler]
2020-07-02 09:53:35.266  INFO Dezs-MacBook-Air.local
			--- [ment.App.main()] o.s.w.s.h.SimpleUrlHandlerMapping        : Mapped URL path [/**/favicon.ico] onto handler of type [class org.springframework.web.servlet.resource.ResourceHttpRequestHandler]
2020-07-02 09:53:35.541  INFO Dezs-MacBook-Air.local
			--- [ment.App.main()] o.s.j.e.a.AnnotationMBeanExporter        : Registering beans for JMX exposure on startup
2020-07-02 09:53:35.603  INFO Dezs-MacBook-Air.local
			--- [ment.App.main()] o.a.c.h.Http11NioProtocol                : Initializing ProtocolHandler ["http-nio-8080"]
2020-07-02 09:53:35.619  INFO Dezs-MacBook-Air.local
			--- [ment.App.main()] o.a.c.h.Http11NioProtocol                : Starting ProtocolHandler ["http-nio-8080"]
2020-07-02 09:53:36.005  INFO Dezs-MacBook-Air.local
			--- [ment.App.main()] o.a.t.u.n.NioSelectorPool                : Using a shared selector for servlet write/read
2020-07-02 09:53:36.045  INFO Dezs-MacBook-Air.local
			--- [ment.App.main()] s.b.c.e.t.TomcatEmbeddedServletContainer : Tomcat started on port(s): 8080 (http)
2020-07-02 09:53:36.050  INFO Dezs-MacBook-Air.local
			--- [ment.App.main()] c.p.i.App                                : Started App in 15.563 seconds (JVM running for 23.779)
2020-07-02 10:08:18.822  INFO Dezs-MacBook-Air.local
			--- [nio-8080-exec-2] o.a.c.c.C.[.[.[/]                        : Initializing Spring FrameworkServlet 'dispatcherServlet'
2020-07-02 10:08:18.825  INFO Dezs-MacBook-Air.local
			--- [nio-8080-exec-2] o.s.w.s.DispatcherServlet                : FrameworkServlet 'dispatcherServlet': initialization started
2020-07-02 10:08:19.027  INFO Dezs-MacBook-Air.local
			--- [nio-8080-exec-2] o.s.w.s.DispatcherServlet                : FrameworkServlet 'dispatcherServlet': initialization completed in 202 ms
2020-07-02 10:21:19.905  INFO Dezs-MacBook-Air.local
			--- [       Thread-2] ationConfigEmbeddedWebApplicationContext : Closing org.springframework.boot.context.embedded.AnnotationConfigEmbeddedWebApplicationContext@162ec3a5: startup date [Thu Jul 02 09:53:21 MST 2020]; root of context hierarchy
2020-07-02 10:21:52.251  INFO Dezs-MacBook-Air.local
			--- [ment.App.main()] c.p.i.App                                : Starting App on Dezs-MacBook-Air.local with PID 9593 (/Users/Dtown/eclipse-workspace/inventoryManagement/target/classes started by Dtown in /Users/Dtown/eclipse-workspace/inventoryManagement)
2020-07-02 10:21:52.361  INFO Dezs-MacBook-Air.local
			--- [ment.App.main()] ationConfigEmbeddedWebApplicationContext : Refreshing org.springframework.boot.context.embedded.AnnotationConfigEmbeddedWebApplicationContext@19f7a02: startup date [Thu Jul 02 10:21:52 MST 2020]; root of context hierarchy
2020-07-02 10:21:53.718  INFO Dezs-MacBook-Air.local
			--- [ment.App.main()] o.s.b.f.s.DefaultListableBeanFactory     : Overriding bean definition for bean 'beanNameViewResolver': replacing [Root bean: class [null]; scope=; abstract=false; lazyInit=false; autowireMode=3; dependencyCheck=0; autowireCandidate=true; primary=false; factoryBeanName=org.springframework.boot.autoconfigure.web.ErrorMvcAutoConfiguration$WhitelabelErrorViewConfiguration; factoryMethodName=beanNameViewResolver; initMethodName=null; destroyMethodName=(inferred); defined in class path resource [org/springframework/boot/autoconfigure/web/ErrorMvcAutoConfiguration$WhitelabelErrorViewConfiguration.class]] with [Root bean: class [null]; scope=; abstract=false; lazyInit=false; autowireMode=3; dependencyCheck=0; autowireCandidate=true; primary=false; factoryBeanName=org.springframework.boot.autoconfigure.web.WebMvcAutoConfiguration$WebMvcAutoConfigurationAdapter; factoryMethodName=beanNameViewResolver; initMethodName=null; destroyMethodName=(inferred); defined in class path resource [org/springframework/boot/autoconfigure/web/WebMvcAutoConfiguration$WebMvcAutoConfigurationAdapter.class]]
2020-07-02 10:21:54.730  INFO Dezs-MacBook-Air.local
			--- [ment.App.main()] o.h.v.i.u.Version                        : HV000001: Hibernate Validator 5.1.3.Final
2020-07-02 10:21:55.147  INFO Dezs-MacBook-Air.local
			--- [ment.App.main()] trationDelegate$BeanPostProcessorChecker : Bean 'org.springframework.transaction.annotation.ProxyTransactionManagementConfiguration' of type [class org.springframework.transaction.annotation.ProxyTransactionManagementConfiguration$$EnhancerBySpringCGLIB$$21a660d3] is not eligible for getting processed by all BeanPostProcessors (for example: not eligible for auto-proxying)
2020-07-02 10:21:55.204  INFO Dezs-MacBook-Air.local
			--- [ment.App.main()] trationDelegate$BeanPostProcessorChecker : Bean 'transactionAttributeSource' of type [class org.springframework.transaction.annotation.AnnotationTransactionAttributeSource] is not eligible for getting processed by all BeanPostProcessors (for example: not eligible for auto-proxying)
2020-07-02 10:21:55.220  INFO Dezs-MacBook-Air.local
			--- [ment.App.main()] trationDelegate$BeanPostProcessorChecker : Bean 'transactionInterceptor' of type [class org.springframework.transaction.interceptor.TransactionInterceptor] is not eligible for getting processed by all BeanPostProcessors (for example: not eligible for auto-proxying)
2020-07-02 10:21:55.227  INFO Dezs-MacBook-Air.local
			--- [ment.App.main()] trationDelegate$BeanPostProcessorChecker : Bean 'org.springframework.transaction.config.internalTransactionAdvisor' of type [class org.springframework.transaction.interceptor.BeanFactoryTransactionAttributeSourceAdvisor] is not eligible for getting processed by all BeanPostProcessors (for example: not eligible for auto-proxying)
2020-07-02 10:21:56.031  INFO Dezs-MacBook-Air.local
			--- [ment.App.main()] s.b.c.e.t.TomcatEmbeddedServletContainer : Tomcat initialized with port(s): 8080 (http)
2020-07-02 10:21:56.314  INFO Dezs-MacBook-Air.local
			--- [ment.App.main()] o.a.c.c.StandardService                  : Starting service Tomcat
2020-07-02 10:21:56.318  INFO Dezs-MacBook-Air.local
			--- [ment.App.main()] o.a.c.c.StandardEngine                   : Starting Servlet Engine: Apache Tomcat/8.0.26
2020-07-02 10:21:56.673  INFO Dezs-MacBook-Air.local
			--- [ost-startStop-1] o.a.c.c.C.[.[.[/]                        : Initializing Spring embedded WebApplicationContext
2020-07-02 10:21:56.675  INFO Dezs-MacBook-Air.local
			--- [ost-startStop-1] o.s.w.c.ContextLoader                    : Root WebApplicationContext: initialization completed in 4317 ms
2020-07-02 10:21:58.267  INFO Dezs-MacBook-Air.local
			--- [ost-startStop-1] o.s.b.c.e.ServletRegistrationBean        : Mapping servlet: 'dispatcherServlet' to [/]
2020-07-02 10:21:58.279  INFO Dezs-MacBook-Air.local
			--- [ost-startStop-1] o.s.b.c.e.FilterRegistrationBean         : Mapping filter: 'characterEncodingFilter' to: [/*]
2020-07-02 10:21:58.280  INFO Dezs-MacBook-Air.local
			--- [ost-startStop-1] o.s.b.c.e.FilterRegistrationBean         : Mapping filter: 'hiddenHttpMethodFilter' to: [/*]
2020-07-02 10:21:58.815  INFO Dezs-MacBook-Air.local
			--- [ment.App.main()] j.LocalContainerEntityManagerFactoryBean : Building JPA container EntityManagerFactory for persistence unit 'default'
2020-07-02 10:21:58.864  INFO Dezs-MacBook-Air.local
			--- [ment.App.main()] o.h.j.i.u.LogHelper                      : HHH000204: Processing PersistenceUnitInfo [
	name: default
	...]
2020-07-02 10:21:59.241  INFO Dezs-MacBook-Air.local
			--- [ment.App.main()] o.h.Version                              : HHH000412: Hibernate Core {4.3.11.Final}
2020-07-02 10:21:59.247  INFO Dezs-MacBook-Air.local
			--- [ment.App.main()] o.h.c.Environment                        : HHH000206: hibernate.properties not found
2020-07-02 10:21:59.251  INFO Dezs-MacBook-Air.local
			--- [ment.App.main()] o.h.c.Environment                        : HHH000021: Bytecode provider name : javassist
2020-07-02 10:21:59.818  INFO Dezs-MacBook-Air.local
			--- [ment.App.main()] o.h.a.c.Version                          : HCANN000001: Hibernate Commons Annotations {4.0.5.Final}
2020-07-02 10:22:02.560  INFO Dezs-MacBook-Air.local
			--- [ment.App.main()] o.h.d.Dialect                            : HHH000400: Using dialect: org.hibernate.dialect.MySQL5Dialect
2020-07-02 10:22:03.007  INFO Dezs-MacBook-Air.local
			--- [ment.App.main()] o.h.h.i.a.ASTQueryTranslatorFactory      : HHH000397: Using ASTQueryTranslatorFactory
2020-07-02 10:22:04.146  INFO Dezs-MacBook-Air.local
			--- [ment.App.main()] o.h.t.h.SchemaExport                     : HHH000227: Running hbm2ddl schema export
2020-07-02 10:22:05.000  INFO Dezs-MacBook-Air.local
			--- [ment.App.main()] o.h.t.h.SchemaExport                     : HHH000230: Schema export complete
2020-07-02 10:22:05.932  INFO Dezs-MacBook-Air.local
			--- [ment.App.main()] s.w.s.m.m.a.RequestMappingHandlerAdapter : Looking for @ControllerAdvice: org.springframework.boot.context.embedded.AnnotationConfigEmbeddedWebApplicationContext@19f7a02: startup date [Thu Jul 02 10:21:52 MST 2020]; root of context hierarchy
2020-07-02 10:22:06.123  INFO Dezs-MacBook-Air.local
			--- [ment.App.main()] s.w.s.m.m.a.RequestMappingHandlerMapping : Mapped "{[/error],produces=[text/html]}" onto public org.springframework.web.servlet.ModelAndView org.springframework.boot.autoconfigure.web.BasicErrorController.errorHtml(javax.servlet.http.HttpServletRequest)
2020-07-02 10:22:06.124  INFO Dezs-MacBook-Air.local
			--- [ment.App.main()] s.w.s.m.m.a.RequestMappingHandlerMapping : Mapped "{[/error]}" onto public org.springframework.http.ResponseEntity<java.util.Map<java.lang.String, java.lang.Object>> org.springframework.boot.autoconfigure.web.BasicErrorController.error(javax.servlet.http.HttpServletRequest)
2020-07-02 10:22:06.168  INFO Dezs-MacBook-Air.local
			--- [ment.App.main()] o.s.w.s.h.SimpleUrlHandlerMapping        : Mapped URL path [/webjars/**] onto handler of type [class org.springframework.web.servlet.resource.ResourceHttpRequestHandler]
2020-07-02 10:22:06.172  INFO Dezs-MacBook-Air.local
			--- [ment.App.main()] o.s.w.s.h.SimpleUrlHandlerMapping        : Mapped URL path [/**] onto handler of type [class org.springframework.web.servlet.resource.ResourceHttpRequestHandler]
2020-07-02 10:22:06.264  INFO Dezs-MacBook-Air.local
			--- [ment.App.main()] o.s.w.s.h.SimpleUrlHandlerMapping        : Mapped URL path [/**/favicon.ico] onto handler of type [class org.springframework.web.servlet.resource.ResourceHttpRequestHandler]
2020-07-02 10:22:06.648  INFO Dezs-MacBook-Air.local
			--- [ment.App.main()] o.s.j.e.a.AnnotationMBeanExporter        : Registering beans for JMX exposure on startup
2020-07-02 10:22:06.713  INFO Dezs-MacBook-Air.local
			--- [ment.App.main()] o.a.c.h.Http11NioProtocol                : Initializing ProtocolHandler ["http-nio-8080"]
2020-07-02 10:22:06.731  INFO Dezs-MacBook-Air.local
			--- [ment.App.main()] o.a.c.h.Http11NioProtocol                : Starting ProtocolHandler ["http-nio-8080"]
2020-07-02 10:22:07.254  INFO Dezs-MacBook-Air.local
			--- [ment.App.main()] o.a.t.u.n.NioSelectorPool                : Using a shared selector for servlet write/read
2020-07-02 10:22:07.301  INFO Dezs-MacBook-Air.local
			--- [ment.App.main()] s.b.c.e.t.TomcatEmbeddedServletContainer : Tomcat started on port(s): 8080 (http)
2020-07-02 10:22:07.305  INFO Dezs-MacBook-Air.local
			--- [ment.App.main()] c.p.i.App                                : Started App in 15.75 seconds (JVM running for 22.833)
2020-07-02 10:22:24.041  INFO Dezs-MacBook-Air.local
			--- [nio-8080-exec-2] o.a.c.c.C.[.[.[/]                        : Initializing Spring FrameworkServlet 'dispatcherServlet'
2020-07-02 10:22:24.045  INFO Dezs-MacBook-Air.local
			--- [nio-8080-exec-2] o.s.w.s.DispatcherServlet                : FrameworkServlet 'dispatcherServlet': initialization started
2020-07-02 10:22:24.207  INFO Dezs-MacBook-Air.local
			--- [nio-8080-exec-2] o.s.w.s.DispatcherServlet                : FrameworkServlet 'dispatcherServlet': initialization completed in 161 ms
2020-07-02 10:23:57.986  WARN Dezs-MacBook-Air.local
			--- [nio-8080-exec-5] o.s.w.s.PageNotFound                     : Request method 'POST' not supported
2020-07-02 10:24:26.002  WARN Dezs-MacBook-Air.local
			--- [nio-8080-exec-6] o.s.w.s.PageNotFound                     : Request method 'POST' not supported
2020-07-02 10:24:27.763  WARN Dezs-MacBook-Air.local
			--- [nio-8080-exec-7] o.s.w.s.PageNotFound                     : Request method 'POST' not supported
2020-07-02 10:24:31.567  WARN Dezs-MacBook-Air.local
			--- [nio-8080-exec-8] o.s.w.s.PageNotFound                     : Request method 'POST' not supported
2020-07-02 10:24:34.517  WARN Dezs-MacBook-Air.local
			--- [nio-8080-exec-9] o.s.w.s.PageNotFound                     : Request method 'POST' not supported
2020-07-02 10:25:31.411  WARN Dezs-MacBook-Air.local
			--- [io-8080-exec-10] o.s.w.s.PageNotFound                     : Request method 'POST' not supported
2020-07-02 10:27:03.067  INFO Dezs-MacBook-Air.local
			--- [       Thread-2] ationConfigEmbeddedWebApplicationContext : Closing org.springframework.boot.context.embedded.AnnotationConfigEmbeddedWebApplicationContext@19f7a02: startup date [Thu Jul 02 10:21:52 MST 2020]; root of context hierarchy
2020-07-02 10:29:46.812  INFO Dezs-MacBook-Air.local
			--- [ment.App.main()] c.p.i.App                                : Starting App on Dezs-MacBook-Air.local with PID 9713 (/Users/Dtown/eclipse-workspace/inventoryManagement/target/classes started by Dtown in /Users/Dtown/eclipse-workspace/inventoryManagement)
2020-07-02 10:29:46.943  INFO Dezs-MacBook-Air.local
			--- [ment.App.main()] ationConfigEmbeddedWebApplicationContext : Refreshing org.springframework.boot.context.embedded.AnnotationConfigEmbeddedWebApplicationContext@6838835c: startup date [Thu Jul 02 10:29:46 MST 2020]; root of context hierarchy
2020-07-02 10:29:48.295  INFO Dezs-MacBook-Air.local
			--- [ment.App.main()] o.s.b.f.s.DefaultListableBeanFactory     : Overriding bean definition for bean 'beanNameViewResolver': replacing [Root bean: class [null]; scope=; abstract=false; lazyInit=false; autowireMode=3; dependencyCheck=0; autowireCandidate=true; primary=false; factoryBeanName=org.springframework.boot.autoconfigure.web.ErrorMvcAutoConfiguration$WhitelabelErrorViewConfiguration; factoryMethodName=beanNameViewResolver; initMethodName=null; destroyMethodName=(inferred); defined in class path resource [org/springframework/boot/autoconfigure/web/ErrorMvcAutoConfiguration$WhitelabelErrorViewConfiguration.class]] with [Root bean: class [null]; scope=; abstract=false; lazyInit=false; autowireMode=3; dependencyCheck=0; autowireCandidate=true; primary=false; factoryBeanName=org.springframework.boot.autoconfigure.web.WebMvcAutoConfiguration$WebMvcAutoConfigurationAdapter; factoryMethodName=beanNameViewResolver; initMethodName=null; destroyMethodName=(inferred); defined in class path resource [org/springframework/boot/autoconfigure/web/WebMvcAutoConfiguration$WebMvcAutoConfigurationAdapter.class]]
2020-07-02 10:29:49.309  INFO Dezs-MacBook-Air.local
			--- [ment.App.main()] o.h.v.i.u.Version                        : HV000001: Hibernate Validator 5.1.3.Final
2020-07-02 10:29:49.787  INFO Dezs-MacBook-Air.local
			--- [ment.App.main()] trationDelegate$BeanPostProcessorChecker : Bean 'org.springframework.transaction.annotation.ProxyTransactionManagementConfiguration' of type [class org.springframework.transaction.annotation.ProxyTransactionManagementConfiguration$$EnhancerBySpringCGLIB$$b238f0e0] is not eligible for getting processed by all BeanPostProcessors (for example: not eligible for auto-proxying)
2020-07-02 10:29:49.846  INFO Dezs-MacBook-Air.local
			--- [ment.App.main()] trationDelegate$BeanPostProcessorChecker : Bean 'transactionAttributeSource' of type [class org.springframework.transaction.annotation.AnnotationTransactionAttributeSource] is not eligible for getting processed by all BeanPostProcessors (for example: not eligible for auto-proxying)
2020-07-02 10:29:49.872  INFO Dezs-MacBook-Air.local
			--- [ment.App.main()] trationDelegate$BeanPostProcessorChecker : Bean 'transactionInterceptor' of type [class org.springframework.transaction.interceptor.TransactionInterceptor] is not eligible for getting processed by all BeanPostProcessors (for example: not eligible for auto-proxying)
2020-07-02 10:29:49.879  INFO Dezs-MacBook-Air.local
			--- [ment.App.main()] trationDelegate$BeanPostProcessorChecker : Bean 'org.springframework.transaction.config.internalTransactionAdvisor' of type [class org.springframework.transaction.interceptor.BeanFactoryTransactionAttributeSourceAdvisor] is not eligible for getting processed by all BeanPostProcessors (for example: not eligible for auto-proxying)
2020-07-02 10:29:50.781  INFO Dezs-MacBook-Air.local
			--- [ment.App.main()] s.b.c.e.t.TomcatEmbeddedServletContainer : Tomcat initialized with port(s): 8080 (http)
2020-07-02 10:29:51.070  INFO Dezs-MacBook-Air.local
			--- [ment.App.main()] o.a.c.c.StandardService                  : Starting service Tomcat
2020-07-02 10:29:51.077  INFO Dezs-MacBook-Air.local
			--- [ment.App.main()] o.a.c.c.StandardEngine                   : Starting Servlet Engine: Apache Tomcat/8.0.26
2020-07-02 10:29:51.462  INFO Dezs-MacBook-Air.local
			--- [ost-startStop-1] o.a.c.c.C.[.[.[/]                        : Initializing Spring embedded WebApplicationContext
2020-07-02 10:29:51.464  INFO Dezs-MacBook-Air.local
			--- [ost-startStop-1] o.s.w.c.ContextLoader                    : Root WebApplicationContext: initialization completed in 4531 ms
2020-07-02 10:29:53.132  INFO Dezs-MacBook-Air.local
			--- [ost-startStop-1] o.s.b.c.e.ServletRegistrationBean        : Mapping servlet: 'dispatcherServlet' to [/]
2020-07-02 10:29:53.147  INFO Dezs-MacBook-Air.local
			--- [ost-startStop-1] o.s.b.c.e.FilterRegistrationBean         : Mapping filter: 'characterEncodingFilter' to: [/*]
2020-07-02 10:29:53.147  INFO Dezs-MacBook-Air.local
			--- [ost-startStop-1] o.s.b.c.e.FilterRegistrationBean         : Mapping filter: 'hiddenHttpMethodFilter' to: [/*]
2020-07-02 10:29:53.715  INFO Dezs-MacBook-Air.local
			--- [ment.App.main()] j.LocalContainerEntityManagerFactoryBean : Building JPA container EntityManagerFactory for persistence unit 'default'
2020-07-02 10:29:53.764  INFO Dezs-MacBook-Air.local
			--- [ment.App.main()] o.h.j.i.u.LogHelper                      : HHH000204: Processing PersistenceUnitInfo [
	name: default
	...]
2020-07-02 10:29:54.156  INFO Dezs-MacBook-Air.local
			--- [ment.App.main()] o.h.Version                              : HHH000412: Hibernate Core {4.3.11.Final}
2020-07-02 10:29:54.160  INFO Dezs-MacBook-Air.local
			--- [ment.App.main()] o.h.c.Environment                        : HHH000206: hibernate.properties not found
2020-07-02 10:29:54.165  INFO Dezs-MacBook-Air.local
			--- [ment.App.main()] o.h.c.Environment                        : HHH000021: Bytecode provider name : javassist
2020-07-02 10:29:54.705  INFO Dezs-MacBook-Air.local
			--- [ment.App.main()] o.h.a.c.Version                          : HCANN000001: Hibernate Commons Annotations {4.0.5.Final}
2020-07-02 10:29:57.192  INFO Dezs-MacBook-Air.local
			--- [ment.App.main()] o.h.d.Dialect                            : HHH000400: Using dialect: org.hibernate.dialect.MySQL5Dialect
2020-07-02 10:29:57.675  INFO Dezs-MacBook-Air.local
			--- [ment.App.main()] o.h.h.i.a.ASTQueryTranslatorFactory      : HHH000397: Using ASTQueryTranslatorFactory
2020-07-02 10:29:58.763  INFO Dezs-MacBook-Air.local
			--- [ment.App.main()] o.h.t.h.SchemaExport                     : HHH000227: Running hbm2ddl schema export
2020-07-02 10:29:59.593  INFO Dezs-MacBook-Air.local
			--- [ment.App.main()] o.h.t.h.SchemaExport                     : HHH000230: Schema export complete
2020-07-02 10:30:00.606  INFO Dezs-MacBook-Air.local
			--- [ment.App.main()] s.w.s.m.m.a.RequestMappingHandlerAdapter : Looking for @ControllerAdvice: org.springframework.boot.context.embedded.AnnotationConfigEmbeddedWebApplicationContext@6838835c: startup date [Thu Jul 02 10:29:46 MST 2020]; root of context hierarchy
2020-07-02 10:30:00.805  INFO Dezs-MacBook-Air.local
			--- [ment.App.main()] s.w.s.m.m.a.RequestMappingHandlerMapping : Mapped "{[/error]}" onto public org.springframework.http.ResponseEntity<java.util.Map<java.lang.String, java.lang.Object>> org.springframework.boot.autoconfigure.web.BasicErrorController.error(javax.servlet.http.HttpServletRequest)
2020-07-02 10:30:00.806  INFO Dezs-MacBook-Air.local
			--- [ment.App.main()] s.w.s.m.m.a.RequestMappingHandlerMapping : Mapped "{[/error],produces=[text/html]}" onto public org.springframework.web.servlet.ModelAndView org.springframework.boot.autoconfigure.web.BasicErrorController.errorHtml(javax.servlet.http.HttpServletRequest)
2020-07-02 10:30:00.848  INFO Dezs-MacBook-Air.local
			--- [ment.App.main()] o.s.w.s.h.SimpleUrlHandlerMapping        : Mapped URL path [/webjars/**] onto handler of type [class org.springframework.web.servlet.resource.ResourceHttpRequestHandler]
2020-07-02 10:30:00.859  INFO Dezs-MacBook-Air.local
			--- [ment.App.main()] o.s.w.s.h.SimpleUrlHandlerMapping        : Mapped URL path [/**] onto handler of type [class org.springframework.web.servlet.resource.ResourceHttpRequestHandler]
2020-07-02 10:30:00.931  INFO Dezs-MacBook-Air.local
			--- [ment.App.main()] o.s.w.s.h.SimpleUrlHandlerMapping        : Mapped URL path [/**/favicon.ico] onto handler of type [class org.springframework.web.servlet.resource.ResourceHttpRequestHandler]
2020-07-02 10:30:01.222  INFO Dezs-MacBook-Air.local
			--- [ment.App.main()] o.s.j.e.a.AnnotationMBeanExporter        : Registering beans for JMX exposure on startup
2020-07-02 10:30:01.291  INFO Dezs-MacBook-Air.local
			--- [ment.App.main()] o.a.c.h.Http11NioProtocol                : Initializing ProtocolHandler ["http-nio-8080"]
2020-07-02 10:30:01.306  INFO Dezs-MacBook-Air.local
			--- [ment.App.main()] o.a.c.h.Http11NioProtocol                : Starting ProtocolHandler ["http-nio-8080"]
2020-07-02 10:30:01.381  INFO Dezs-MacBook-Air.local
			--- [ment.App.main()] o.a.t.u.n.NioSelectorPool                : Using a shared selector for servlet write/read
2020-07-02 10:30:01.893  INFO Dezs-MacBook-Air.local
			--- [ment.App.main()] s.b.c.e.t.TomcatEmbeddedServletContainer : Tomcat started on port(s): 8080 (http)
2020-07-02 10:30:01.897  INFO Dezs-MacBook-Air.local
			--- [ment.App.main()] c.p.i.App                                : Started App in 15.774 seconds (JVM running for 27.234)
2020-07-02 10:30:45.101  INFO Dezs-MacBook-Air.local
			--- [nio-8080-exec-2] o.a.c.c.C.[.[.[/]                        : Initializing Spring FrameworkServlet 'dispatcherServlet'
2020-07-02 10:30:45.105  INFO Dezs-MacBook-Air.local
			--- [nio-8080-exec-2] o.s.w.s.DispatcherServlet                : FrameworkServlet 'dispatcherServlet': initialization started
2020-07-02 10:30:45.275  INFO Dezs-MacBook-Air.local
			--- [nio-8080-exec-2] o.s.w.s.DispatcherServlet                : FrameworkServlet 'dispatcherServlet': initialization completed in 170 ms
2020-07-02 10:42:04.347  INFO Dezs-MacBook-Air.local
			--- [       Thread-2] ationConfigEmbeddedWebApplicationContext : Closing org.springframework.boot.context.embedded.AnnotationConfigEmbeddedWebApplicationContext@6838835c: startup date [Thu Jul 02 10:29:46 MST 2020]; root of context hierarchy
2020-07-02 10:42:22.326  INFO Dezs-MacBook-Air.local
			--- [ment.App.main()] c.p.i.App                                : Starting App on Dezs-MacBook-Air.local with PID 10073 (/Users/Dtown/eclipse-workspace/inventoryManagement/target/classes started by Dtown in /Users/Dtown/eclipse-workspace/inventoryManagement)
2020-07-02 10:42:22.456  INFO Dezs-MacBook-Air.local
			--- [ment.App.main()] ationConfigEmbeddedWebApplicationContext : Refreshing org.springframework.boot.context.embedded.AnnotationConfigEmbeddedWebApplicationContext@113addfc: startup date [Thu Jul 02 10:42:22 MST 2020]; root of context hierarchy
2020-07-02 10:42:23.768  INFO Dezs-MacBook-Air.local
			--- [ment.App.main()] o.s.b.f.s.DefaultListableBeanFactory     : Overriding bean definition for bean 'beanNameViewResolver': replacing [Root bean: class [null]; scope=; abstract=false; lazyInit=false; autowireMode=3; dependencyCheck=0; autowireCandidate=true; primary=false; factoryBeanName=org.springframework.boot.autoconfigure.web.ErrorMvcAutoConfiguration$WhitelabelErrorViewConfiguration; factoryMethodName=beanNameViewResolver; initMethodName=null; destroyMethodName=(inferred); defined in class path resource [org/springframework/boot/autoconfigure/web/ErrorMvcAutoConfiguration$WhitelabelErrorViewConfiguration.class]] with [Root bean: class [null]; scope=; abstract=false; lazyInit=false; autowireMode=3; dependencyCheck=0; autowireCandidate=true; primary=false; factoryBeanName=org.springframework.boot.autoconfigure.web.WebMvcAutoConfiguration$WebMvcAutoConfigurationAdapter; factoryMethodName=beanNameViewResolver; initMethodName=null; destroyMethodName=(inferred); defined in class path resource [org/springframework/boot/autoconfigure/web/WebMvcAutoConfiguration$WebMvcAutoConfigurationAdapter.class]]
2020-07-02 10:42:24.721  INFO Dezs-MacBook-Air.local
			--- [ment.App.main()] o.h.v.i.u.Version                        : HV000001: Hibernate Validator 5.1.3.Final
2020-07-02 10:42:25.154  INFO Dezs-MacBook-Air.local
			--- [ment.App.main()] trationDelegate$BeanPostProcessorChecker : Bean 'org.springframework.transaction.annotation.ProxyTransactionManagementConfiguration' of type [class org.springframework.transaction.annotation.ProxyTransactionManagementConfiguration$$EnhancerBySpringCGLIB$$3e8648b] is not eligible for getting processed by all BeanPostProcessors (for example: not eligible for auto-proxying)
2020-07-02 10:42:25.207  INFO Dezs-MacBook-Air.local
			--- [ment.App.main()] trationDelegate$BeanPostProcessorChecker : Bean 'transactionAttributeSource' of type [class org.springframework.transaction.annotation.AnnotationTransactionAttributeSource] is not eligible for getting processed by all BeanPostProcessors (for example: not eligible for auto-proxying)
2020-07-02 10:42:25.238  INFO Dezs-MacBook-Air.local
			--- [ment.App.main()] trationDelegate$BeanPostProcessorChecker : Bean 'transactionInterceptor' of type [class org.springframework.transaction.interceptor.TransactionInterceptor] is not eligible for getting processed by all BeanPostProcessors (for example: not eligible for auto-proxying)
2020-07-02 10:42:25.247  INFO Dezs-MacBook-Air.local
			--- [ment.App.main()] trationDelegate$BeanPostProcessorChecker : Bean 'org.springframework.transaction.config.internalTransactionAdvisor' of type [class org.springframework.transaction.interceptor.BeanFactoryTransactionAttributeSourceAdvisor] is not eligible for getting processed by all BeanPostProcessors (for example: not eligible for auto-proxying)
2020-07-02 10:42:26.108  INFO Dezs-MacBook-Air.local
			--- [ment.App.main()] s.b.c.e.t.TomcatEmbeddedServletContainer : Tomcat initialized with port(s): 8080 (http)
2020-07-02 10:42:26.470  INFO Dezs-MacBook-Air.local
			--- [ment.App.main()] o.a.c.c.StandardService                  : Starting service Tomcat
2020-07-02 10:42:26.474  INFO Dezs-MacBook-Air.local
			--- [ment.App.main()] o.a.c.c.StandardEngine                   : Starting Servlet Engine: Apache Tomcat/8.0.26
2020-07-02 10:42:26.747  INFO Dezs-MacBook-Air.local
			--- [ost-startStop-1] o.a.c.c.C.[.[.[/]                        : Initializing Spring embedded WebApplicationContext
2020-07-02 10:42:26.749  INFO Dezs-MacBook-Air.local
			--- [ost-startStop-1] o.s.w.c.ContextLoader                    : Root WebApplicationContext: initialization completed in 4303 ms
2020-07-02 10:42:28.203  INFO Dezs-MacBook-Air.local
			--- [ost-startStop-1] o.s.b.c.e.ServletRegistrationBean        : Mapping servlet: 'dispatcherServlet' to [/]
2020-07-02 10:42:28.218  INFO Dezs-MacBook-Air.local
			--- [ost-startStop-1] o.s.b.c.e.FilterRegistrationBean         : Mapping filter: 'characterEncodingFilter' to: [/*]
2020-07-02 10:42:28.219  INFO Dezs-MacBook-Air.local
			--- [ost-startStop-1] o.s.b.c.e.FilterRegistrationBean         : Mapping filter: 'hiddenHttpMethodFilter' to: [/*]
2020-07-02 10:42:28.787  INFO Dezs-MacBook-Air.local
			--- [ment.App.main()] j.LocalContainerEntityManagerFactoryBean : Building JPA container EntityManagerFactory for persistence unit 'default'
2020-07-02 10:42:28.833  INFO Dezs-MacBook-Air.local
			--- [ment.App.main()] o.h.j.i.u.LogHelper                      : HHH000204: Processing PersistenceUnitInfo [
	name: default
	...]
2020-07-02 10:42:29.203  INFO Dezs-MacBook-Air.local
			--- [ment.App.main()] o.h.Version                              : HHH000412: Hibernate Core {4.3.11.Final}
2020-07-02 10:42:29.209  INFO Dezs-MacBook-Air.local
			--- [ment.App.main()] o.h.c.Environment                        : HHH000206: hibernate.properties not found
2020-07-02 10:42:29.215  INFO Dezs-MacBook-Air.local
			--- [ment.App.main()] o.h.c.Environment                        : HHH000021: Bytecode provider name : javassist
2020-07-02 10:42:29.758  INFO Dezs-MacBook-Air.local
			--- [ment.App.main()] o.h.a.c.Version                          : HCANN000001: Hibernate Commons Annotations {4.0.5.Final}
2020-07-02 10:42:32.483  INFO Dezs-MacBook-Air.local
			--- [ment.App.main()] o.h.d.Dialect                            : HHH000400: Using dialect: org.hibernate.dialect.MySQL5Dialect
2020-07-02 10:42:32.940  INFO Dezs-MacBook-Air.local
			--- [ment.App.main()] o.h.h.i.a.ASTQueryTranslatorFactory      : HHH000397: Using ASTQueryTranslatorFactory
2020-07-02 10:42:34.101  INFO Dezs-MacBook-Air.local
			--- [ment.App.main()] o.h.t.h.SchemaExport                     : HHH000227: Running hbm2ddl schema export
2020-07-02 10:42:34.898  INFO Dezs-MacBook-Air.local
			--- [ment.App.main()] o.h.t.h.SchemaExport                     : HHH000230: Schema export complete
2020-07-02 10:42:35.912  INFO Dezs-MacBook-Air.local
			--- [ment.App.main()] s.w.s.m.m.a.RequestMappingHandlerAdapter : Looking for @ControllerAdvice: org.springframework.boot.context.embedded.AnnotationConfigEmbeddedWebApplicationContext@113addfc: startup date [Thu Jul 02 10:42:22 MST 2020]; root of context hierarchy
2020-07-02 10:42:36.090  INFO Dezs-MacBook-Air.local
			--- [ment.App.main()] s.w.s.m.m.a.RequestMappingHandlerMapping : Mapped "{[/error]}" onto public org.springframework.http.ResponseEntity<java.util.Map<java.lang.String, java.lang.Object>> org.springframework.boot.autoconfigure.web.BasicErrorController.error(javax.servlet.http.HttpServletRequest)
2020-07-02 10:42:36.091  INFO Dezs-MacBook-Air.local
			--- [ment.App.main()] s.w.s.m.m.a.RequestMappingHandlerMapping : Mapped "{[/error],produces=[text/html]}" onto public org.springframework.web.servlet.ModelAndView org.springframework.boot.autoconfigure.web.BasicErrorController.errorHtml(javax.servlet.http.HttpServletRequest)
2020-07-02 10:42:36.123  INFO Dezs-MacBook-Air.local
			--- [ment.App.main()] o.s.w.s.h.SimpleUrlHandlerMapping        : Mapped URL path [/webjars/**] onto handler of type [class org.springframework.web.servlet.resource.ResourceHttpRequestHandler]
2020-07-02 10:42:36.123  INFO Dezs-MacBook-Air.local
			--- [ment.App.main()] o.s.w.s.h.SimpleUrlHandlerMapping        : Mapped URL path [/**] onto handler of type [class org.springframework.web.servlet.resource.ResourceHttpRequestHandler]
2020-07-02 10:42:36.190  INFO Dezs-MacBook-Air.local
			--- [ment.App.main()] o.s.w.s.h.SimpleUrlHandlerMapping        : Mapped URL path [/**/favicon.ico] onto handler of type [class org.springframework.web.servlet.resource.ResourceHttpRequestHandler]
2020-07-02 10:42:36.462  INFO Dezs-MacBook-Air.local
			--- [ment.App.main()] o.s.j.e.a.AnnotationMBeanExporter        : Registering beans for JMX exposure on startup
2020-07-02 10:42:36.526  INFO Dezs-MacBook-Air.local
			--- [ment.App.main()] o.a.c.h.Http11NioProtocol                : Initializing ProtocolHandler ["http-nio-8080"]
2020-07-02 10:42:36.535  INFO Dezs-MacBook-Air.local
			--- [ment.App.main()] o.a.c.h.Http11NioProtocol                : Starting ProtocolHandler ["http-nio-8080"]
2020-07-02 10:42:36.595  INFO Dezs-MacBook-Air.local
			--- [ment.App.main()] o.a.t.u.n.NioSelectorPool                : Using a shared selector for servlet write/read
2020-07-02 10:42:37.032  INFO Dezs-MacBook-Air.local
			--- [ment.App.main()] s.b.c.e.t.TomcatEmbeddedServletContainer : Tomcat started on port(s): 8080 (http)
2020-07-02 10:42:37.035  INFO Dezs-MacBook-Air.local
			--- [ment.App.main()] c.p.i.App                                : Started App in 15.43 seconds (JVM running for 29.076)
2020-07-02 10:42:45.412  INFO Dezs-MacBook-Air.local
			--- [nio-8080-exec-2] o.a.c.c.C.[.[.[/]                        : Initializing Spring FrameworkServlet 'dispatcherServlet'
2020-07-02 10:42:45.415  INFO Dezs-MacBook-Air.local
			--- [nio-8080-exec-2] o.s.w.s.DispatcherServlet                : FrameworkServlet 'dispatcherServlet': initialization started
2020-07-02 10:42:45.592  INFO Dezs-MacBook-Air.local
			--- [nio-8080-exec-2] o.s.w.s.DispatcherServlet                : FrameworkServlet 'dispatcherServlet': initialization completed in 175 ms
2020-07-02 10:45:16.499  WARN Dezs-MacBook-Air.local
			--- [nio-8080-exec-4] o.s.w.s.PageNotFound                     : Request method 'POST' not supported
2020-07-02 10:48:10.930  WARN Dezs-MacBook-Air.local
			--- [nio-8080-exec-8] o.s.w.s.PageNotFound                     : Request method 'POST' not supported
2020-07-02 10:48:16.487  WARN Dezs-MacBook-Air.local
			--- [nio-8080-exec-9] o.s.w.s.PageNotFound                     : Request method 'POST' not supported
2020-07-02 10:58:03.122  WARN Dezs-MacBook-Air.local
			--- [io-8080-exec-10] o.s.w.s.PageNotFound                     : Request method 'POST' not supported
2020-07-02 10:58:28.454  WARN Dezs-MacBook-Air.local
			--- [nio-8080-exec-2] o.s.w.s.PageNotFound                     : Request method 'POST' not supported
2020-07-02 11:36:52.811  INFO Dezs-MacBook-Air.local
			--- [       Thread-2] ationConfigEmbeddedWebApplicationContext : Closing org.springframework.boot.context.embedded.AnnotationConfigEmbeddedWebApplicationContext@113addfc: startup date [Thu Jul 02 10:42:22 MST 2020]; root of context hierarchy
2020-07-02 11:37:47.872  INFO Dezs-MacBook-Air.local
			--- [ment.App.main()] c.p.i.App                                : Starting App on Dezs-MacBook-Air.local with PID 10461 (/Users/Dtown/eclipse-workspace/inventoryManagement/target/classes started by Dtown in /Users/Dtown/eclipse-workspace/inventoryManagement)
2020-07-02 11:37:47.991  INFO Dezs-MacBook-Air.local
			--- [ment.App.main()] ationConfigEmbeddedWebApplicationContext : Refreshing org.springframework.boot.context.embedded.AnnotationConfigEmbeddedWebApplicationContext@61831c32: startup date [Thu Jul 02 11:37:47 MST 2020]; root of context hierarchy
2020-07-02 11:37:49.302  INFO Dezs-MacBook-Air.local
			--- [ment.App.main()] o.s.b.f.s.DefaultListableBeanFactory     : Overriding bean definition for bean 'beanNameViewResolver': replacing [Root bean: class [null]; scope=; abstract=false; lazyInit=false; autowireMode=3; dependencyCheck=0; autowireCandidate=true; primary=false; factoryBeanName=org.springframework.boot.autoconfigure.web.ErrorMvcAutoConfiguration$WhitelabelErrorViewConfiguration; factoryMethodName=beanNameViewResolver; initMethodName=null; destroyMethodName=(inferred); defined in class path resource [org/springframework/boot/autoconfigure/web/ErrorMvcAutoConfiguration$WhitelabelErrorViewConfiguration.class]] with [Root bean: class [null]; scope=; abstract=false; lazyInit=false; autowireMode=3; dependencyCheck=0; autowireCandidate=true; primary=false; factoryBeanName=org.springframework.boot.autoconfigure.web.WebMvcAutoConfiguration$WebMvcAutoConfigurationAdapter; factoryMethodName=beanNameViewResolver; initMethodName=null; destroyMethodName=(inferred); defined in class path resource [org/springframework/boot/autoconfigure/web/WebMvcAutoConfiguration$WebMvcAutoConfigurationAdapter.class]]
2020-07-02 11:37:50.342  INFO Dezs-MacBook-Air.local
			--- [ment.App.main()] o.h.v.i.u.Version                        : HV000001: Hibernate Validator 5.1.3.Final
2020-07-02 11:37:50.754  INFO Dezs-MacBook-Air.local
			--- [ment.App.main()] trationDelegate$BeanPostProcessorChecker : Bean 'org.springframework.transaction.annotation.ProxyTransactionManagementConfiguration' of type [class org.springframework.transaction.annotation.ProxyTransactionManagementConfiguration$$EnhancerBySpringCGLIB$$cfc8c9e3] is not eligible for getting processed by all BeanPostProcessors (for example: not eligible for auto-proxying)
2020-07-02 11:37:50.807  INFO Dezs-MacBook-Air.local
			--- [ment.App.main()] trationDelegate$BeanPostProcessorChecker : Bean 'transactionAttributeSource' of type [class org.springframework.transaction.annotation.AnnotationTransactionAttributeSource] is not eligible for getting processed by all BeanPostProcessors (for example: not eligible for auto-proxying)
2020-07-02 11:37:50.823  INFO Dezs-MacBook-Air.local
			--- [ment.App.main()] trationDelegate$BeanPostProcessorChecker : Bean 'transactionInterceptor' of type [class org.springframework.transaction.interceptor.TransactionInterceptor] is not eligible for getting processed by all BeanPostProcessors (for example: not eligible for auto-proxying)
2020-07-02 11:37:50.830  INFO Dezs-MacBook-Air.local
			--- [ment.App.main()] trationDelegate$BeanPostProcessorChecker : Bean 'org.springframework.transaction.config.internalTransactionAdvisor' of type [class org.springframework.transaction.interceptor.BeanFactoryTransactionAttributeSourceAdvisor] is not eligible for getting processed by all BeanPostProcessors (for example: not eligible for auto-proxying)
2020-07-02 11:37:51.637  INFO Dezs-MacBook-Air.local
			--- [ment.App.main()] s.b.c.e.t.TomcatEmbeddedServletContainer : Tomcat initialized with port(s): 8080 (http)
2020-07-02 11:37:51.898  INFO Dezs-MacBook-Air.local
			--- [ment.App.main()] o.a.c.c.StandardService                  : Starting service Tomcat
2020-07-02 11:37:51.902  INFO Dezs-MacBook-Air.local
			--- [ment.App.main()] o.a.c.c.StandardEngine                   : Starting Servlet Engine: Apache Tomcat/8.0.26
2020-07-02 11:37:52.310  INFO Dezs-MacBook-Air.local
			--- [ost-startStop-1] o.a.c.c.C.[.[.[/]                        : Initializing Spring embedded WebApplicationContext
2020-07-02 11:37:52.312  INFO Dezs-MacBook-Air.local
			--- [ost-startStop-1] o.s.w.c.ContextLoader                    : Root WebApplicationContext: initialization completed in 4325 ms
2020-07-02 11:37:53.848  INFO Dezs-MacBook-Air.local
			--- [ost-startStop-1] o.s.b.c.e.ServletRegistrationBean        : Mapping servlet: 'dispatcherServlet' to [/]
2020-07-02 11:37:53.862  INFO Dezs-MacBook-Air.local
			--- [ost-startStop-1] o.s.b.c.e.FilterRegistrationBean         : Mapping filter: 'characterEncodingFilter' to: [/*]
2020-07-02 11:37:53.864  INFO Dezs-MacBook-Air.local
			--- [ost-startStop-1] o.s.b.c.e.FilterRegistrationBean         : Mapping filter: 'hiddenHttpMethodFilter' to: [/*]
2020-07-02 11:37:54.398  INFO Dezs-MacBook-Air.local
			--- [ment.App.main()] j.LocalContainerEntityManagerFactoryBean : Building JPA container EntityManagerFactory for persistence unit 'default'
2020-07-02 11:37:54.438  INFO Dezs-MacBook-Air.local
			--- [ment.App.main()] o.h.j.i.u.LogHelper                      : HHH000204: Processing PersistenceUnitInfo [
	name: default
	...]
2020-07-02 11:37:54.788  INFO Dezs-MacBook-Air.local
			--- [ment.App.main()] o.h.Version                              : HHH000412: Hibernate Core {4.3.11.Final}
2020-07-02 11:37:54.794  INFO Dezs-MacBook-Air.local
			--- [ment.App.main()] o.h.c.Environment                        : HHH000206: hibernate.properties not found
2020-07-02 11:37:54.797  INFO Dezs-MacBook-Air.local
			--- [ment.App.main()] o.h.c.Environment                        : HHH000021: Bytecode provider name : javassist
2020-07-02 11:37:55.366  INFO Dezs-MacBook-Air.local
			--- [ment.App.main()] o.h.a.c.Version                          : HCANN000001: Hibernate Commons Annotations {4.0.5.Final}
2020-07-02 11:37:57.684  INFO Dezs-MacBook-Air.local
			--- [ment.App.main()] o.h.d.Dialect                            : HHH000400: Using dialect: org.hibernate.dialect.MySQL5Dialect
2020-07-02 11:37:58.142  INFO Dezs-MacBook-Air.local
			--- [ment.App.main()] o.h.h.i.a.ASTQueryTranslatorFactory      : HHH000397: Using ASTQueryTranslatorFactory
2020-07-02 11:37:59.207  INFO Dezs-MacBook-Air.local
			--- [ment.App.main()] o.h.t.h.SchemaExport                     : HHH000227: Running hbm2ddl schema export
2020-07-02 11:37:59.995  INFO Dezs-MacBook-Air.local
			--- [ment.App.main()] o.h.t.h.SchemaExport                     : HHH000230: Schema export complete
2020-07-02 11:38:00.940  INFO Dezs-MacBook-Air.local
			--- [ment.App.main()] s.w.s.m.m.a.RequestMappingHandlerAdapter : Looking for @ControllerAdvice: org.springframework.boot.context.embedded.AnnotationConfigEmbeddedWebApplicationContext@61831c32: startup date [Thu Jul 02 11:37:47 MST 2020]; root of context hierarchy
2020-07-02 11:38:01.128  INFO Dezs-MacBook-Air.local
			--- [ment.App.main()] s.w.s.m.m.a.RequestMappingHandlerMapping : Mapped "{[/error]}" onto public org.springframework.http.ResponseEntity<java.util.Map<java.lang.String, java.lang.Object>> org.springframework.boot.autoconfigure.web.BasicErrorController.error(javax.servlet.http.HttpServletRequest)
2020-07-02 11:38:01.129  INFO Dezs-MacBook-Air.local
			--- [ment.App.main()] s.w.s.m.m.a.RequestMappingHandlerMapping : Mapped "{[/error],produces=[text/html]}" onto public org.springframework.web.servlet.ModelAndView org.springframework.boot.autoconfigure.web.BasicErrorController.errorHtml(javax.servlet.http.HttpServletRequest)
2020-07-02 11:38:01.175  INFO Dezs-MacBook-Air.local
			--- [ment.App.main()] o.s.w.s.h.SimpleUrlHandlerMapping        : Mapped URL path [/webjars/**] onto handler of type [class org.springframework.web.servlet.resource.ResourceHttpRequestHandler]
2020-07-02 11:38:01.176  INFO Dezs-MacBook-Air.local
			--- [ment.App.main()] o.s.w.s.h.SimpleUrlHandlerMapping        : Mapped URL path [/**] onto handler of type [class org.springframework.web.servlet.resource.ResourceHttpRequestHandler]
2020-07-02 11:38:01.296  INFO Dezs-MacBook-Air.local
			--- [ment.App.main()] o.s.w.s.h.SimpleUrlHandlerMapping        : Mapped URL path [/**/favicon.ico] onto handler of type [class org.springframework.web.servlet.resource.ResourceHttpRequestHandler]
2020-07-02 11:38:01.692  INFO Dezs-MacBook-Air.local
			--- [ment.App.main()] o.s.j.e.a.AnnotationMBeanExporter        : Registering beans for JMX exposure on startup
2020-07-02 11:38:01.825  INFO Dezs-MacBook-Air.local
			--- [ment.App.main()] o.a.c.h.Http11NioProtocol                : Initializing ProtocolHandler ["http-nio-8080"]
2020-07-02 11:38:01.838  INFO Dezs-MacBook-Air.local
			--- [ment.App.main()] o.a.c.h.Http11NioProtocol                : Starting ProtocolHandler ["http-nio-8080"]
2020-07-02 11:38:02.421  INFO Dezs-MacBook-Air.local
			--- [ment.App.main()] o.a.t.u.n.NioSelectorPool                : Using a shared selector for servlet write/read
2020-07-02 11:38:02.462  INFO Dezs-MacBook-Air.local
			--- [ment.App.main()] s.b.c.e.t.TomcatEmbeddedServletContainer : Tomcat started on port(s): 8080 (http)
2020-07-02 11:38:02.474  INFO Dezs-MacBook-Air.local
			--- [ment.App.main()] c.p.i.App                                : Started App in 15.309 seconds (JVM running for 22.755)
2020-07-02 11:38:53.592  INFO Dezs-MacBook-Air.local
			--- [nio-8080-exec-2] o.a.c.c.C.[.[.[/]                        : Initializing Spring FrameworkServlet 'dispatcherServlet'
2020-07-02 11:38:53.620  INFO Dezs-MacBook-Air.local
			--- [nio-8080-exec-2] o.s.w.s.DispatcherServlet                : FrameworkServlet 'dispatcherServlet': initialization started
2020-07-02 11:38:53.961  INFO Dezs-MacBook-Air.local
			--- [nio-8080-exec-2] o.s.w.s.DispatcherServlet                : FrameworkServlet 'dispatcherServlet': initialization completed in 338 ms
2020-07-02 11:55:40.382  INFO Dezs-MacBook-Air.local
			--- [       Thread-2] ationConfigEmbeddedWebApplicationContext : Closing org.springframework.boot.context.embedded.AnnotationConfigEmbeddedWebApplicationContext@61831c32: startup date [Thu Jul 02 11:37:47 MST 2020]; root of context hierarchy
2020-07-02 11:55:55.689  INFO Dezs-MacBook-Air.local
			--- [ment.App.main()] c.p.i.App                                : Starting App on Dezs-MacBook-Air.local with PID 10604 (/Users/Dtown/eclipse-workspace/inventoryManagement/target/classes started by Dtown in /Users/Dtown/eclipse-workspace/inventoryManagement)
2020-07-02 11:55:55.805  INFO Dezs-MacBook-Air.local
			--- [ment.App.main()] ationConfigEmbeddedWebApplicationContext : Refreshing org.springframework.boot.context.embedded.AnnotationConfigEmbeddedWebApplicationContext@69d5ab10: startup date [Thu Jul 02 11:55:55 MST 2020]; root of context hierarchy
2020-07-02 11:55:57.320  INFO Dezs-MacBook-Air.local
			--- [ment.App.main()] o.s.b.f.s.DefaultListableBeanFactory     : Overriding bean definition for bean 'beanNameViewResolver': replacing [Root bean: class [null]; scope=; abstract=false; lazyInit=false; autowireMode=3; dependencyCheck=0; autowireCandidate=true; primary=false; factoryBeanName=org.springframework.boot.autoconfigure.web.ErrorMvcAutoConfiguration$WhitelabelErrorViewConfiguration; factoryMethodName=beanNameViewResolver; initMethodName=null; destroyMethodName=(inferred); defined in class path resource [org/springframework/boot/autoconfigure/web/ErrorMvcAutoConfiguration$WhitelabelErrorViewConfiguration.class]] with [Root bean: class [null]; scope=; abstract=false; lazyInit=false; autowireMode=3; dependencyCheck=0; autowireCandidate=true; primary=false; factoryBeanName=org.springframework.boot.autoconfigure.web.WebMvcAutoConfiguration$WebMvcAutoConfigurationAdapter; factoryMethodName=beanNameViewResolver; initMethodName=null; destroyMethodName=(inferred); defined in class path resource [org/springframework/boot/autoconfigure/web/WebMvcAutoConfiguration$WebMvcAutoConfigurationAdapter.class]]
2020-07-02 11:55:58.311  INFO Dezs-MacBook-Air.local
			--- [ment.App.main()] o.h.v.i.u.Version                        : HV000001: Hibernate Validator 5.1.3.Final
2020-07-02 11:55:58.740  INFO Dezs-MacBook-Air.local
			--- [ment.App.main()] trationDelegate$BeanPostProcessorChecker : Bean 'org.springframework.transaction.annotation.ProxyTransactionManagementConfiguration' of type [class org.springframework.transaction.annotation.ProxyTransactionManagementConfiguration$$EnhancerBySpringCGLIB$$c9432819] is not eligible for getting processed by all BeanPostProcessors (for example: not eligible for auto-proxying)
2020-07-02 11:55:58.795  INFO Dezs-MacBook-Air.local
			--- [ment.App.main()] trationDelegate$BeanPostProcessorChecker : Bean 'transactionAttributeSource' of type [class org.springframework.transaction.annotation.AnnotationTransactionAttributeSource] is not eligible for getting processed by all BeanPostProcessors (for example: not eligible for auto-proxying)
2020-07-02 11:55:58.823  INFO Dezs-MacBook-Air.local
			--- [ment.App.main()] trationDelegate$BeanPostProcessorChecker : Bean 'transactionInterceptor' of type [class org.springframework.transaction.interceptor.TransactionInterceptor] is not eligible for getting processed by all BeanPostProcessors (for example: not eligible for auto-proxying)
2020-07-02 11:55:58.830  INFO Dezs-MacBook-Air.local
			--- [ment.App.main()] trationDelegate$BeanPostProcessorChecker : Bean 'org.springframework.transaction.config.internalTransactionAdvisor' of type [class org.springframework.transaction.interceptor.BeanFactoryTransactionAttributeSourceAdvisor] is not eligible for getting processed by all BeanPostProcessors (for example: not eligible for auto-proxying)
2020-07-02 11:55:59.656  INFO Dezs-MacBook-Air.local
			--- [ment.App.main()] s.b.c.e.t.TomcatEmbeddedServletContainer : Tomcat initialized with port(s): 8080 (http)
2020-07-02 11:55:59.926  INFO Dezs-MacBook-Air.local
			--- [ment.App.main()] o.a.c.c.StandardService                  : Starting service Tomcat
2020-07-02 11:55:59.930  INFO Dezs-MacBook-Air.local
			--- [ment.App.main()] o.a.c.c.StandardEngine                   : Starting Servlet Engine: Apache Tomcat/8.0.26
2020-07-02 11:56:00.253  INFO Dezs-MacBook-Air.local
			--- [ost-startStop-1] o.a.c.c.C.[.[.[/]                        : Initializing Spring embedded WebApplicationContext
2020-07-02 11:56:00.256  INFO Dezs-MacBook-Air.local
			--- [ost-startStop-1] o.s.w.c.ContextLoader                    : Root WebApplicationContext: initialization completed in 4460 ms
2020-07-02 11:56:01.880  INFO Dezs-MacBook-Air.local
			--- [ost-startStop-1] o.s.b.c.e.ServletRegistrationBean        : Mapping servlet: 'dispatcherServlet' to [/]
2020-07-02 11:56:01.902  INFO Dezs-MacBook-Air.local
			--- [ost-startStop-1] o.s.b.c.e.FilterRegistrationBean         : Mapping filter: 'characterEncodingFilter' to: [/*]
2020-07-02 11:56:01.906  INFO Dezs-MacBook-Air.local
			--- [ost-startStop-1] o.s.b.c.e.FilterRegistrationBean         : Mapping filter: 'hiddenHttpMethodFilter' to: [/*]
2020-07-02 11:56:02.518  INFO Dezs-MacBook-Air.local
			--- [ment.App.main()] j.LocalContainerEntityManagerFactoryBean : Building JPA container EntityManagerFactory for persistence unit 'default'
2020-07-02 11:56:02.567  INFO Dezs-MacBook-Air.local
			--- [ment.App.main()] o.h.j.i.u.LogHelper                      : HHH000204: Processing PersistenceUnitInfo [
	name: default
	...]
2020-07-02 11:56:02.961  INFO Dezs-MacBook-Air.local
			--- [ment.App.main()] o.h.Version                              : HHH000412: Hibernate Core {4.3.11.Final}
2020-07-02 11:56:02.966  INFO Dezs-MacBook-Air.local
			--- [ment.App.main()] o.h.c.Environment                        : HHH000206: hibernate.properties not found
2020-07-02 11:56:02.970  INFO Dezs-MacBook-Air.local
			--- [ment.App.main()] o.h.c.Environment                        : HHH000021: Bytecode provider name : javassist
2020-07-02 11:56:03.612  INFO Dezs-MacBook-Air.local
			--- [ment.App.main()] o.h.a.c.Version                          : HCANN000001: Hibernate Commons Annotations {4.0.5.Final}
2020-07-02 11:56:06.386  INFO Dezs-MacBook-Air.local
			--- [ment.App.main()] o.h.d.Dialect                            : HHH000400: Using dialect: org.hibernate.dialect.MySQL5Dialect
2020-07-02 11:56:06.867  INFO Dezs-MacBook-Air.local
			--- [ment.App.main()] o.h.h.i.a.ASTQueryTranslatorFactory      : HHH000397: Using ASTQueryTranslatorFactory
2020-07-02 11:56:08.036  INFO Dezs-MacBook-Air.local
			--- [ment.App.main()] o.h.t.h.SchemaExport                     : HHH000227: Running hbm2ddl schema export
2020-07-02 11:56:08.901  INFO Dezs-MacBook-Air.local
			--- [ment.App.main()] o.h.t.h.SchemaExport                     : HHH000230: Schema export complete
2020-07-02 11:56:09.921  INFO Dezs-MacBook-Air.local
			--- [ment.App.main()] s.w.s.m.m.a.RequestMappingHandlerAdapter : Looking for @ControllerAdvice: org.springframework.boot.context.embedded.AnnotationConfigEmbeddedWebApplicationContext@69d5ab10: startup date [Thu Jul 02 11:55:55 MST 2020]; root of context hierarchy
2020-07-02 11:56:10.090  INFO Dezs-MacBook-Air.local
			--- [ment.App.main()] s.w.s.m.m.a.RequestMappingHandlerMapping : Mapped "{[/customers/{id}/orders],methods=[POST]}" onto public org.springframework.http.ResponseEntity<java.lang.Object> com.promineotech.inventoryManagement.controller.OrderController.createCustomer(java.util.Set<java.lang.Long>,java.lang.Long)
2020-07-02 11:56:10.091  INFO Dezs-MacBook-Air.local
			--- [ment.App.main()] s.w.s.m.m.a.RequestMappingHandlerMapping : Mapped "{[/customers/{id}/orders/{orderId}],methods=[PUT]}" onto public org.springframework.http.ResponseEntity<java.lang.Object> com.promineotech.inventoryManagement.controller.OrderController.updateOrder(com.promineotech.inventoryManagement.entity.Order,java.lang.Long)
2020-07-02 11:56:10.093  INFO Dezs-MacBook-Air.local
			--- [ment.App.main()] s.w.s.m.m.a.RequestMappingHandlerMapping : Mapped "{[/customers],methods=[POST]}" onto public org.springframework.http.ResponseEntity<java.lang.Object> com.promineotech.inventoryManagement.controller.CustomerController.createCustomer(com.promineotech.inventoryManagement.entity.Customer)
2020-07-02 11:56:10.094  INFO Dezs-MacBook-Air.local
			--- [ment.App.main()] s.w.s.m.m.a.RequestMappingHandlerMapping : Mapped "{[/customers/{id}],methods=[GET]}" onto public org.springframework.http.ResponseEntity<java.lang.Object> com.promineotech.inventoryManagement.controller.CustomerController.getCustomer(java.lang.Long)
2020-07-02 11:56:10.095  INFO Dezs-MacBook-Air.local
			--- [ment.App.main()] s.w.s.m.m.a.RequestMappingHandlerMapping : Mapped "{[/customers],methods=[GET]}" onto public org.springframework.http.ResponseEntity<java.lang.Object> com.promineotech.inventoryManagement.controller.CustomerController.getCustomers()
2020-07-02 11:56:10.095  INFO Dezs-MacBook-Air.local
			--- [ment.App.main()] s.w.s.m.m.a.RequestMappingHandlerMapping : Mapped "{[/customers/{id}],methods=[PUT]}" onto public org.springframework.http.ResponseEntity<java.lang.Object> com.promineotech.inventoryManagement.controller.CustomerController.updateCustomer(com.promineotech.inventoryManagement.entity.Customer,java.lang.Long)
2020-07-02 11:56:10.096  INFO Dezs-MacBook-Air.local
			--- [ment.App.main()] s.w.s.m.m.a.RequestMappingHandlerMapping : Mapped "{[/customers/{id}],methods=[DELETE]}" onto public org.springframework.http.ResponseEntity<java.lang.Object> com.promineotech.inventoryManagement.controller.CustomerController.deleteCustomer(java.lang.Long)
2020-07-02 11:56:10.100  INFO Dezs-MacBook-Air.local
			--- [ment.App.main()] s.w.s.m.m.a.RequestMappingHandlerMapping : Mapped "{[/products],methods=[GET]}" onto public org.springframework.http.ResponseEntity<java.lang.Object> com.promineotech.inventoryManagement.controller.ProductController.getProducts()
2020-07-02 11:56:10.101  INFO Dezs-MacBook-Air.local
			--- [ment.App.main()] s.w.s.m.m.a.RequestMappingHandlerMapping : Mapped "{[/products],methods=[POST]}" onto public org.springframework.http.ResponseEntity<java.lang.Object> com.promineotech.inventoryManagement.controller.ProductController.createProducts(com.promineotech.inventoryManagement.entity.Product)
2020-07-02 11:56:10.101  INFO Dezs-MacBook-Air.local
			--- [ment.App.main()] s.w.s.m.m.a.RequestMappingHandlerMapping : Mapped "{[/products/{id}],methods=[PUT]}" onto public org.springframework.http.ResponseEntity<java.lang.Object> com.promineotech.inventoryManagement.controller.ProductController.updateProduct(com.promineotech.inventoryManagement.entity.Product,java.lang.Long)
2020-07-02 11:56:10.102  INFO Dezs-MacBook-Air.local
			--- [ment.App.main()] s.w.s.m.m.a.RequestMappingHandlerMapping : Mapped "{[/products/{id}],methods=[DELETE]}" onto public org.springframework.http.ResponseEntity<java.lang.Object> com.promineotech.inventoryManagement.controller.ProductController.deleteProduct(java.lang.Long)
2020-07-02 11:56:10.103  INFO Dezs-MacBook-Air.local
			--- [ment.App.main()] s.w.s.m.m.a.RequestMappingHandlerMapping : Mapped "{[/error],produces=[text/html]}" onto public org.springframework.web.servlet.ModelAndView org.springframework.boot.autoconfigure.web.BasicErrorController.errorHtml(javax.servlet.http.HttpServletRequest)
2020-07-02 11:56:10.104  INFO Dezs-MacBook-Air.local
			--- [ment.App.main()] s.w.s.m.m.a.RequestMappingHandlerMapping : Mapped "{[/error]}" onto public org.springframework.http.ResponseEntity<java.util.Map<java.lang.String, java.lang.Object>> org.springframework.boot.autoconfigure.web.BasicErrorController.error(javax.servlet.http.HttpServletRequest)
2020-07-02 11:56:10.145  INFO Dezs-MacBook-Air.local
			--- [ment.App.main()] o.s.w.s.h.SimpleUrlHandlerMapping        : Mapped URL path [/webjars/**] onto handler of type [class org.springframework.web.servlet.resource.ResourceHttpRequestHandler]
2020-07-02 11:56:10.145  INFO Dezs-MacBook-Air.local
			--- [ment.App.main()] o.s.w.s.h.SimpleUrlHandlerMapping        : Mapped URL path [/**] onto handler of type [class org.springframework.web.servlet.resource.ResourceHttpRequestHandler]
2020-07-02 11:56:10.207  INFO Dezs-MacBook-Air.local
			--- [ment.App.main()] o.s.w.s.h.SimpleUrlHandlerMapping        : Mapped URL path [/**/favicon.ico] onto handler of type [class org.springframework.web.servlet.resource.ResourceHttpRequestHandler]
2020-07-02 11:56:10.474  INFO Dezs-MacBook-Air.local
			--- [ment.App.main()] o.s.j.e.a.AnnotationMBeanExporter        : Registering beans for JMX exposure on startup
2020-07-02 11:56:10.539  INFO Dezs-MacBook-Air.local
			--- [ment.App.main()] o.a.c.h.Http11NioProtocol                : Initializing ProtocolHandler ["http-nio-8080"]
2020-07-02 11:56:10.549  INFO Dezs-MacBook-Air.local
			--- [ment.App.main()] o.a.c.h.Http11NioProtocol                : Starting ProtocolHandler ["http-nio-8080"]
2020-07-02 11:56:10.989  INFO Dezs-MacBook-Air.local
			--- [ment.App.main()] o.a.t.u.n.NioSelectorPool                : Using a shared selector for servlet write/read
2020-07-02 11:56:11.026  INFO Dezs-MacBook-Air.local
			--- [ment.App.main()] s.b.c.e.t.TomcatEmbeddedServletContainer : Tomcat started on port(s): 8080 (http)
2020-07-02 11:56:11.029  INFO Dezs-MacBook-Air.local
			--- [ment.App.main()] c.p.i.App                                : Started App in 16.105 seconds (JVM running for 28.218)
2020-07-02 11:56:25.748  INFO Dezs-MacBook-Air.local
			--- [nio-8080-exec-1] o.a.c.c.C.[.[.[/]                        : Initializing Spring FrameworkServlet 'dispatcherServlet'
2020-07-02 11:56:25.760  INFO Dezs-MacBook-Air.local
			--- [nio-8080-exec-1] o.s.w.s.DispatcherServlet                : FrameworkServlet 'dispatcherServlet': initialization started
2020-07-02 11:56:25.975  INFO Dezs-MacBook-Air.local
			--- [nio-8080-exec-1] o.s.w.s.DispatcherServlet                : FrameworkServlet 'dispatcherServlet': initialization completed in 212 ms
2020-07-02 12:32:26.525  WARN Dezs-MacBook-Air.local
			--- [nio-8080-exec-7] o.s.w.s.PageNotFound                     : Request method 'DELETE' not supported
2020-07-02 12:37:19.105  WARN Dezs-MacBook-Air.local
			--- [nio-8080-exec-2] o.s.w.s.PageNotFound                     : Request method 'PUT' not supported
